{"C:\\Users\\RODGER MANHATTAN\\Desktop\\dataintergratest_test\\backend\\app.js":{"path":"C:\\Users\\RODGER MANHATTAN\\Desktop\\dataintergratest_test\\backend\\app.js","s":{"1":1,"2":1,"3":1,"4":1,"5":1,"6":1,"7":1,"8":1,"9":1,"10":1,"11":1,"12":1,"13":1,"14":1,"15":1,"16":1,"17":1,"18":1,"19":1,"20":1,"21":0,"22":1,"23":1,"24":0,"25":0,"26":0,"27":1,"28":0,"29":0,"30":0,"31":0,"32":1},"b":{"1":[0,0],"2":[0,0]},"f":{"1":0,"2":0,"3":0},"fnMap":{"1":{"name":"(anonymous_1)","line":25,"loc":{"start":{"line":25,"column":13},"end":{"line":25,"column":32}}},"2":{"name":"(anonymous_2)","line":32,"loc":{"start":{"line":32,"column":8},"end":{"line":32,"column":33}}},"3":{"name":"(anonymous_3)","line":39,"loc":{"start":{"line":39,"column":8},"end":{"line":39,"column":38}}}},"statementMap":{"1":{"start":{"line":1,"column":0},"end":{"line":1,"column":33}},"2":{"start":{"line":2,"column":0},"end":{"line":2,"column":27}},"3":{"start":{"line":3,"column":0},"end":{"line":3,"column":39}},"4":{"start":{"line":4,"column":0},"end":{"line":4,"column":31}},"5":{"start":{"line":5,"column":0},"end":{"line":5,"column":44}},"6":{"start":{"line":6,"column":0},"end":{"line":6,"column":40}},"7":{"start":{"line":7,"column":0},"end":{"line":7,"column":31}},"8":{"start":{"line":8,"column":0},"end":{"line":8,"column":35}},"9":{"start":{"line":9,"column":0},"end":{"line":9,"column":27}},"10":{"start":{"line":11,"column":0},"end":{"line":11,"column":30}},"11":{"start":{"line":13,"column":0},"end":{"line":13,"column":20}},"12":{"start":{"line":16,"column":0},"end":{"line":16,"column":16}},"13":{"start":{"line":17,"column":0},"end":{"line":17,"column":23}},"14":{"start":{"line":18,"column":0},"end":{"line":18,"column":27}},"15":{"start":{"line":19,"column":0},"end":{"line":19,"column":52}},"16":{"start":{"line":20,"column":0},"end":{"line":20,"column":24}},"17":{"start":{"line":21,"column":0},"end":{"line":21,"column":56}},"18":{"start":{"line":22,"column":0},"end":{"line":22,"column":23}},"19":{"start":{"line":23,"column":0},"end":{"line":23,"column":31}},"20":{"start":{"line":25,"column":0},"end":{"line":27,"column":3}},"21":{"start":{"line":26,"column":2},"end":{"line":26,"column":25}},"22":{"start":{"line":29,"column":0},"end":{"line":29,"column":25}},"23":{"start":{"line":32,"column":0},"end":{"line":36,"column":3}},"24":{"start":{"line":33,"column":2},"end":{"line":33,"column":35}},"25":{"start":{"line":34,"column":2},"end":{"line":34,"column":19}},"26":{"start":{"line":35,"column":2},"end":{"line":35,"column":12}},"27":{"start":{"line":39,"column":0},"end":{"line":47,"column":3}},"28":{"start":{"line":41,"column":2},"end":{"line":41,"column":35}},"29":{"start":{"line":42,"column":2},"end":{"line":42,"column":69}},"30":{"start":{"line":45,"column":2},"end":{"line":45,"column":32}},"31":{"start":{"line":46,"column":2},"end":{"line":46,"column":22}},"32":{"start":{"line":49,"column":0},"end":{"line":49,"column":21}}},"branchMap":{"1":{"line":42,"type":"cond-expr","locations":[{"start":{"line":42,"column":60},"end":{"line":42,"column":63}},{"start":{"line":42,"column":66},"end":{"line":42,"column":68}}]},"2":{"line":45,"type":"binary-expr","locations":[{"start":{"line":45,"column":13},"end":{"line":45,"column":23}},{"start":{"line":45,"column":27},"end":{"line":45,"column":30}}]}}},"C:\\Users\\RODGER MANHATTAN\\Desktop\\dataintergratest_test\\backend\\routes\\index.js":{"path":"C:\\Users\\RODGER MANHATTAN\\Desktop\\dataintergratest_test\\backend\\routes\\index.js","s":{"1":1,"2":1,"3":1,"4":1,"5":1,"6":1,"7":0,"8":1},"b":{},"f":{"1":0},"fnMap":{"1":{"name":"(anonymous_1)","line":7,"loc":{"start":{"line":7,"column":17},"end":{"line":7,"column":37}}}},"statementMap":{"1":{"start":{"line":1,"column":0},"end":{"line":1,"column":32}},"2":{"start":{"line":2,"column":0},"end":{"line":2,"column":29}},"3":{"start":{"line":4,"column":0},"end":{"line":4,"column":41}},"4":{"start":{"line":5,"column":0},"end":{"line":5,"column":43}},"5":{"start":{"line":6,"column":0},"end":{"line":6,"column":38}},"6":{"start":{"line":7,"column":0},"end":{"line":9,"column":2}},"7":{"start":{"line":8,"column":2},"end":{"line":8,"column":18}},"8":{"start":{"line":13,"column":0},"end":{"line":13,"column":23}}},"branchMap":{}},"C:\\Users\\RODGER MANHATTAN\\Desktop\\dataintergratest_test\\backend\\routes\\login.js":{"path":"C:\\Users\\RODGER MANHATTAN\\Desktop\\dataintergratest_test\\backend\\routes\\login.js","s":{"1":1,"2":1,"3":1,"4":1,"5":1,"6":0,"7":0,"8":1},"b":{},"f":{"1":0},"fnMap":{"1":{"name":"(anonymous_1)","line":6,"loc":{"start":{"line":6,"column":17},"end":{"line":6,"column":37}}}},"statementMap":{"1":{"start":{"line":1,"column":0},"end":{"line":1,"column":43}},"2":{"start":{"line":2,"column":0},"end":{"line":2,"column":33}},"3":{"start":{"line":3,"column":0},"end":{"line":3,"column":34}},"4":{"start":{"line":4,"column":0},"end":{"line":4,"column":30}},"5":{"start":{"line":6,"column":0},"end":{"line":11,"column":3}},"6":{"start":{"line":7,"column":2},"end":{"line":9,"column":5}},"7":{"start":{"line":10,"column":2},"end":{"line":10,"column":52}},"8":{"start":{"line":14,"column":0},"end":{"line":14,"column":24}}},"branchMap":{}},"C:\\Users\\RODGER MANHATTAN\\Desktop\\dataintergratest_test\\backend\\config\\database.js":{"path":"C:\\Users\\RODGER MANHATTAN\\Desktop\\dataintergratest_test\\backend\\config\\database.js","s":{"1":1},"b":{},"f":{},"fnMap":{},"statementMap":{"1":{"start":{"line":1,"column":0},"end":{"line":3,"column":2}}},"branchMap":{}},"C:\\Users\\RODGER MANHATTAN\\Desktop\\dataintergratest_test\\backend\\routes\\logout.js":{"path":"C:\\Users\\RODGER MANHATTAN\\Desktop\\dataintergratest_test\\backend\\routes\\logout.js","s":{"1":1,"2":1,"3":1,"4":1,"5":1,"6":0,"7":0,"8":1},"b":{},"f":{"1":0},"fnMap":{"1":{"name":"(anonymous_1)","line":8,"loc":{"start":{"line":8,"column":66},"end":{"line":8,"column":86}}}},"statementMap":{"1":{"start":{"line":1,"column":0},"end":{"line":1,"column":35}},"2":{"start":{"line":2,"column":0},"end":{"line":2,"column":40}},"3":{"start":{"line":3,"column":0},"end":{"line":3,"column":33}},"4":{"start":{"line":4,"column":0},"end":{"line":4,"column":30}},"5":{"start":{"line":8,"column":0},"end":{"line":11,"column":3}},"6":{"start":{"line":9,"column":4},"end":{"line":9,"column":17}},"7":{"start":{"line":10,"column":4},"end":{"line":10,"column":63}},"8":{"start":{"line":12,"column":0},"end":{"line":12,"column":24}}},"branchMap":{}},"C:\\Users\\RODGER MANHATTAN\\Desktop\\dataintergratest_test\\backend\\config\\passport.js":{"path":"C:\\Users\\RODGER MANHATTAN\\Desktop\\dataintergratest_test\\backend\\config\\passport.js","s":{"1":1,"2":1,"3":1,"4":2,"5":2,"6":2,"7":2,"8":0},"b":{},"f":{"1":2,"2":0},"fnMap":{"1":{"name":"(anonymous_1)","line":6,"loc":{"start":{"line":6,"column":17},"end":{"line":6,"column":37}}},"2":{"name":"(anonymous_2)","line":10,"loc":{"start":{"line":10,"column":39},"end":{"line":10,"column":68}}}},"statementMap":{"1":{"start":{"line":1,"column":0},"end":{"line":2,"column":52}},"2":{"start":{"line":4,"column":0},"end":{"line":4,"column":43}},"3":{"start":{"line":6,"column":0},"end":{"line":14,"column":2}},"4":{"start":{"line":7,"column":4},"end":{"line":7,"column":18}},"5":{"start":{"line":8,"column":4},"end":{"line":8,"column":69}},"6":{"start":{"line":9,"column":4},"end":{"line":9,"column":37}},"7":{"start":{"line":10,"column":4},"end":{"line":13,"column":8}},"8":{"start":{"line":12,"column":8},"end":{"line":12,"column":23}}},"branchMap":{}},"C:\\Users\\RODGER MANHATTAN\\Desktop\\dataintergratest_test\\backend\\routes\\user.js":{"path":"C:\\Users\\RODGER MANHATTAN\\Desktop\\dataintergratest_test\\backend\\routes\\user.js","s":{"1":1,"2":1,"3":1,"4":1,"5":1,"6":1,"7":1,"8":0,"9":0,"10":0,"11":0,"12":1},"b":{"1":[0,0]},"f":{"1":0},"fnMap":{"1":{"name":"(anonymous_1)","line":8,"loc":{"start":{"line":8,"column":73},"end":{"line":8,"column":93}}}},"statementMap":{"1":{"start":{"line":1,"column":0},"end":{"line":1,"column":35}},"2":{"start":{"line":2,"column":0},"end":{"line":2,"column":40}},"3":{"start":{"line":3,"column":0},"end":{"line":3,"column":33}},"4":{"start":{"line":4,"column":0},"end":{"line":4,"column":34}},"5":{"start":{"line":5,"column":0},"end":{"line":5,"column":37}},"6":{"start":{"line":6,"column":0},"end":{"line":6,"column":30}},"7":{"start":{"line":8,"column":0},"end":{"line":19,"column":2}},"8":{"start":{"line":9,"column":4},"end":{"line":17,"column":1}},"9":{"start":{"line":11,"column":8},"end":{"line":11,"column":68}},"10":{"start":{"line":12,"column":8},"end":{"line":12,"column":51}},"11":{"start":{"line":15,"column":8},"end":{"line":15,"column":102}},"12":{"start":{"line":24,"column":0},"end":{"line":24,"column":24}}},"branchMap":{"1":{"line":15,"type":"binary-expr","locations":[{"start":{"line":15,"column":64},"end":{"line":15,"column":71}},{"start":{"line":15,"column":75},"end":{"line":15,"column":98}}]}}}}