TN:
SF:C:\Users\RODGER MANHATTAN\Desktop\dataintergratest_test\backend\app.js
FN:25,(anonymous_1)
FN:32,(anonymous_2)
FN:39,(anonymous_3)
FNF:3
FNH:0
FNDA:0,(anonymous_1)
FNDA:0,(anonymous_2)
FNDA:0,(anonymous_3)
DA:1,1
DA:2,1
DA:3,1
DA:4,1
DA:5,1
DA:6,1
DA:7,1
DA:8,1
DA:9,1
DA:11,1
DA:13,1
DA:16,1
DA:17,1
DA:18,1
DA:19,1
DA:20,1
DA:21,1
DA:22,1
DA:23,1
DA:25,1
DA:26,0
DA:29,1
DA:32,1
DA:33,0
DA:34,0
DA:35,0
DA:39,1
DA:41,0
DA:42,0
DA:45,0
DA:46,0
DA:49,1
LF:32
LH:24
BRDA:42,1,0,0
BRDA:42,1,1,0
BRDA:45,2,0,0
BRDA:45,2,1,0
BRF:4
BRH:0
end_of_record
TN:
SF:C:\Users\RODGER MANHATTAN\Desktop\dataintergratest_test\backend\routes\index.js
FN:7,(anonymous_1)
FNF:1
FNH:0
FNDA:0,(anonymous_1)
DA:1,1
DA:2,1
DA:4,1
DA:5,1
DA:6,1
DA:7,1
DA:8,0
DA:13,1
LF:8
LH:7
BRF:0
BRH:0
end_of_record
TN:
SF:C:\Users\RODGER MANHATTAN\Desktop\dataintergratest_test\backend\routes\login.js
FN:8,(anonymous_1)
FNF:1
FNH:0
FNDA:0,(anonymous_1)
DA:2,1
DA:4,1
DA:5,1
DA:6,1
DA:8,1
DA:9,0
DA:12,0
DA:16,1
LF:8
LH:6
BRF:0
BRH:0
end_of_record
TN:
SF:C:\Users\RODGER MANHATTAN\Desktop\dataintergratest_test\backend\config\database.js
FNF:0
FNH:0
DA:1,1
LF:1
LH:1
BRF:0
BRH:0
end_of_record
TN:
SF:C:\Users\RODGER MANHATTAN\Desktop\dataintergratest_test\backend\routes\logout.js
FN:8,(anonymous_1)
FNF:1
FNH:0
FNDA:0,(anonymous_1)
DA:1,1
DA:2,1
DA:3,1
DA:4,1
DA:8,1
DA:9,0
DA:10,0
DA:12,1
LF:8
LH:6
BRF:0
BRH:0
end_of_record
TN:
SF:C:\Users\RODGER MANHATTAN\Desktop\dataintergratest_test\backend\config\passport.js
FN:6,(anonymous_1)
FN:10,(anonymous_2)
FNF:2
FNH:1
FNDA:2,(anonymous_1)
FNDA:0,(anonymous_2)
DA:1,1
DA:4,1
DA:6,1
DA:7,2
DA:8,2
DA:9,2
DA:10,2
DA:12,0
LF:8
LH:7
BRF:0
BRH:0
end_of_record
TN:
SF:C:\Users\RODGER MANHATTAN\Desktop\dataintergratest_test\backend\routes\user.js
FN:8,(anonymous_1)
FNF:1
FNH:0
FNDA:0,(anonymous_1)
DA:1,1
DA:2,1
DA:3,1
DA:4,1
DA:5,1
DA:6,1
DA:8,1
DA:9,0
DA:11,0
DA:12,0
DA:15,0
DA:24,1
LF:12
LH:8
BRDA:15,1,0,0
BRDA:15,1,1,0
BRF:2
BRH:0
end_of_record
